<?xml version="1.0" encoding="UTF-8"?>
<testng-results ignored="0" total="2" passed="2" failed="0" skipped="0">
  <reporter-output>
  </reporter-output>
  <suite started-at="2024-02-05T14:53:49 IST" name="Default suite" finished-at="2024-02-05T14:53:58 IST" duration-ms="9798">
    <groups>
    </groups>
    <test started-at="2024-02-05T14:53:49 IST" name="Default test" finished-at="2024-02-05T14:53:58 IST" duration-ms="9798">
      <class name="pageElements.URL">
        <test-method signature="validateUrl()[pri:0, instance:pageElements.URL@1dd0e7c4]" started-at="2024-02-05T14:53:49 IST" name="validateUrl" finished-at="2024-02-05T14:53:49 IST" duration-ms="719" status="PASS">
          <reporter-output>
          </reporter-output>
        </test-method> <!-- validateUrl -->
        <test-method signature="invalidUrl()[pri:1, instance:pageElements.URL@1dd0e7c4]" started-at="2024-02-05T14:53:49 IST" name="invalidUrl" finished-at="2024-02-05T14:53:58 IST" duration-ms="9041" status="PASS">
          <reporter-output>
          </reporter-output>
        </test-method> <!-- invalidUrl -->
      </class> <!-- pageElements.URL -->
    </test> <!-- Default test -->
  </suite> <!-- Default suite -->
</testng-results>
